time=2024-07-16T15:49:25.391+05:00 level=INFO msg="GetUser method is starting"
time=2024-07-16T15:49:25.415+05:00 level=ERROR msg="failed to get user profile" error="rpc error: code = Unavailable desc = connection error: desc = \"transport: Error while dialing: dial tcp 127.0.0.1:8081: connect: connection refused\""
time=2024-07-16T15:49:37.241+05:00 level=INFO msg="GetUser method is starting"
time=2024-07-16T15:49:37.242+05:00 level=ERROR msg="failed to get user profile" error="rpc error: code = Unavailable desc = connection error: desc = \"transport: Error while dialing: dial tcp 127.0.0.1:8081: connect: connection refused\""
time=2024-07-16T15:50:54.136+05:00 level=INFO msg="GetUser method is starting"
time=2024-07-16T15:50:54.140+05:00 level=ERROR msg="failed to get user profile" error="rpc error: code = Unavailable desc = connection error: desc = \"transport: Error while dialing: dial tcp 127.0.0.1:8081: connect: connection refused\""
`time=2024-07-16T16:00:34.049+05:00 level=INFO msg="GetUser method is starting"
time=2024-07-16T16:00:34.052+05:00 level=ERROR msg="failed to get user profile" error="rpc error: code = Unavailable desc = connection error: desc = \"transport: Error while dialing: dial tcp 127.0.0.1:8081: connect: connection refused\""
time=2024-07-16T16:16:03.094+05:00 level=INFO msg="GetUser method is starting"
time=2024-07-16T16:16:03.117+05:00 level=ERROR msg="failed to get user profile" error="rpc error: code = Unknown desc = get user profile failed: pq: syntax error at or near \"FROM\""
time=2024-07-16T16:17:05.877+05:00 level=INFO msg="UpdateUserProfile method is starting"
time=2024-07-16T16:17:05.878+05:00 level=ERROR msg="failed to update user profile" !BADKEY="rpc error: code = Unknown desc = update user profile failed: pq: syntax error at or near \"updated_at\""
time=2024-07-16T17:16:53.038+05:00 level=INFO msg="GetUser method is starting"
time=2024-07-16T17:16:53.041+05:00 level=ERROR msg="failed to get user profile" error="rpc error: code = Unknown desc = get user profile failed: pq: syntax error at or near \"FROM\""
time=2024-07-16T17:22:31.458+05:00 level=INFO msg="GetUser method is starting"
time=2024-07-16T17:22:31.460+05:00 level=ERROR msg="failed to get user profile" error="rpc error: code = Unknown desc = get user profile failed: pq: syntax error at or near \"FROM\""
time=2024-07-16T17:25:34.033+05:00 level=INFO msg="GetUser method is starting"
time=2024-07-16T17:25:34.036+05:00 level=ERROR msg="failed to get user profile" error="rpc error: code = Unknown desc = get user profile failed: pq: syntax error at or near \"FROM\""
time=2024-07-16T17:26:32.416+05:00 level=INFO msg="GetUser method is starting"
time=2024-07-16T17:26:32.422+05:00 level=ERROR msg="failed to get user profile" error="rpc error: code = Unknown desc = get user profile failed: sql: no rows in result set"
time=2024-07-16T17:27:45.568+05:00 level=INFO msg="GetUser method is starting"
time=2024-07-16T17:27:45.571+05:00 level=ERROR msg="failed to get user profile" error="rpc error: code = Unknown desc = get user profile failed: sql: no rows in result set"
time=2024-07-16T17:28:25.580+05:00 level=INFO msg="GetUser method is starting"
time=2024-07-16T17:41:21.744+05:00 level=INFO msg="UpdateUserProfile method is starting"
time=2024-07-16T19:31:38.704+05:00 level=INFO msg="SearchItems method is starting"
time=2024-07-16T19:31:38.721+05:00 level=ERROR msg="failed to search items" error="rpc error: code = Unknown desc = pq: syntax error at or near \"FROM\""
time=2024-07-16T19:37:22.275+05:00 level=INFO msg="SearchItems method is starting"
time=2024-07-16T19:37:22.297+05:00 level=ERROR msg="failed to search items" error="rpc error: code = Unknown desc = sql: Scan error on column index 0, name \"count\": destination not a pointer"
time=2024-07-17T10:08:44.769+05:00 level=INFO msg="GetUser method is starting"
time=2024-07-17T10:16:17.455+05:00 level=INFO msg="UpdateUserProfile method is starting"
time=2024-07-17T10:16:17.471+05:00 level=ERROR msg="failed to update user profile" !BADKEY="rpc error: code = Unknown desc = update user profile failed: pq: got 3 parameters but the statement requires 2"
time=2024-07-17T10:18:15.524+05:00 level=INFO msg="UpdateUserProfile method is starting"
time=2024-07-17T10:18:15.528+05:00 level=ERROR msg="failed to update user profile" !BADKEY="rpc error: code = Unknown desc = update user profile failed: pq: got 3 parameters but the statement requires 2"
time=2024-07-17T10:19:11.707+05:00 level=INFO msg="UpdateUserProfile method is starting"
time=2024-07-17T10:19:11.709+05:00 level=ERROR msg="failed to update user profile" !BADKEY="rpc error: code = Unknown desc = update user profile failed: pq: got 3 parameters but the statement requires 2"
time=2024-07-17T10:19:39.845+05:00 level=INFO msg="UpdateUserProfile method is starting"
time=2024-07-17T10:19:39.848+05:00 level=ERROR msg="failed to update user profile" !BADKEY="rpc error: code = Unknown desc = update user profile failed: pq: got 3 parameters but the statement requires 2"
time=2024-07-17T10:20:08.667+05:00 level=INFO msg="UpdateUserProfile method is starting"
time=2024-07-17T10:20:08.669+05:00 level=ERROR msg="failed to update user profile" !BADKEY="rpc error: code = Unknown desc = update user profile failed: pq: got 3 parameters but the statement requires 2"
time=2024-07-17T10:21:16.684+05:00 level=INFO msg="UpdateUserProfile method is starting"
time=2024-07-17T10:21:16.688+05:00 level=ERROR msg="failed to update user profile" !BADKEY="rpc error: code = Unknown desc = update user profile failed: pq: got 3 parameters but the statement requires 2"
time=2024-07-17T10:25:11.673+05:00 level=INFO msg="UpdateUserProfile method is starting"
time=2024-07-17T10:58:32.576+05:00 level=INFO msg="GetUser method is starting"
time=2024-07-17T11:02:30.443+05:00 level=INFO msg="GetEcoPoints method is starting"
time=2024-07-17T11:29:45.118+05:00 level=INFO msg="AddItemCategory method is starting"
time=2024-07-17T11:29:45.134+05:00 level=ERROR msg="failed to add item category" error="rpc error: code = Unavailable desc = connection error: desc = \"transport: Error while dialing: dial tcp 127.0.0.1:50052: connect: connection refused\""
time=2024-07-17T11:45:17.400+05:00 level=INFO msg="AddItemCategory method is starting"
time=2024-07-17T11:45:17.402+05:00 level=ERROR msg="failed to add item category" error="rpc error: code = Unavailable desc = connection error: desc = \"transport: Error while dialing: dial tcp 127.0.0.1:50052: connect: connection refused\""
time=2024-07-17T11:46:08.888+05:00 level=INFO msg="AddItemCategory method is starting"
time=2024-07-17T11:46:08.901+05:00 level=ERROR msg="failed to add item category" error="rpc error: code = Unknown desc = pq: null value in column \"id\" of relation \"item_categories\" violates not-null constraint"
time=2024-07-17T11:48:40.686+05:00 level=INFO msg="AddItemCategory method is starting"
time=2024-07-17T11:48:40.689+05:00 level=ERROR msg="failed to add item category" error="rpc error: code = Unknown desc = pq: null value in column \"id\" of relation \"item_categories\" violates not-null constraint"
time=2024-07-17T11:48:50.187+05:00 level=INFO msg="AddItemCategory method is starting"
time=2024-07-17T11:48:50.188+05:00 level=ERROR msg="failed to add item category" error="rpc error: code = Unknown desc = pq: null value in column \"id\" of relation \"item_categories\" violates not-null constraint"
time=2024-07-17T11:52:31.194+05:00 level=INFO msg="AddItemCategory method is starting"
time=2024-07-17T11:52:31.205+05:00 level=ERROR msg="failed to add item category" error="rpc error: code = Unknown desc = pq: null value in column \"id\" of relation \"item_categories\" violates not-null constraint"
time=2024-07-17T12:13:33.871+05:00 level=INFO msg="AddItemCategory method is starting"
time=2024-07-17T12:16:24.787+05:00 level=INFO msg="SearchItems method is starting"
time=2024-07-17T12:16:24.799+05:00 level=ERROR msg="failed to search items" error="rpc error: code = Unknown desc = sql: Scan error on column index 0, name \"count\": destination not a pointer"
time=2024-07-17T12:38:39.877+05:00 level=INFO msg="SearchItems method is starting"
time=2024-07-17T12:38:39.900+05:00 level=ERROR msg="failed to search items" error="rpc error: code = Unknown desc = sql: Scan error on column index 0, name \"count\": destination not a pointer"
time=2024-07-17T12:47:25.066+05:00 level=INFO msg="SearchItems method is starting"
time=2024-07-17T12:47:25.074+05:00 level=ERROR msg="failed to search items" error="rpc error: code = Unknown desc = pq: column \"swap_preference\" does not exist"
time=2024-07-17T12:52:23.962+05:00 level=INFO msg="GetRatings method is starting"
time=2024-07-17T12:52:23.970+05:00 level=ERROR msg="failed to bind rating data" error=EOF
time=2024-07-17T14:29:08.603+05:00 level=INFO msg="SearchItems method is starting"
time=2024-07-17T14:29:08.641+05:00 level=ERROR msg="failed to search items" error="rpc error: code = Unknown desc = sql: Scan error on column index 0, name \"count\": destination not a pointer"
time=2024-07-17T14:37:22.123+05:00 level=INFO msg="SearchItems method is starting"
time=2024-07-17T14:37:22.162+05:00 level=ERROR msg="failed to search items" error="rpc error: code = Unknown desc = sql: Scan error on column index 0, name \"count\": destination not a pointer"
time=2024-07-17T14:58:52.304+05:00 level=INFO msg="SearchItems method is starting"
time=2024-07-17T14:58:52.313+05:00 level=ERROR msg="failed to search items" error="rpc error: code = Unknown desc = sql: Scan error on column index 0, name \"count\": destination not a pointer"
time=2024-07-17T15:02:57.967+05:00 level=INFO msg="SearchItems method is starting"
time=2024-07-17T15:02:57.970+05:00 level=ERROR msg="failed to search items" error="rpc error: code = Unknown desc = sql: Scan error on column index 0, name \"count\": destination not a pointer"
time=2024-07-17T15:05:02.091+05:00 level=INFO msg="SearchItems method is starting"
time=2024-07-17T15:05:02.102+05:00 level=ERROR msg="failed to search items" error="rpc error: code = Unknown desc = sql: Scan error on column index 0, name \"count\": destination not a pointer"
time=2024-07-17T15:07:08.612+05:00 level=INFO msg="AddItem method is starting"
time=2024-07-17T15:07:08.616+05:00 level=ERROR msg="failed to add item" error="rpc error: code = Unavailable desc = connection error: desc = \"transport: Error while dialing: dial tcp 127.0.0.1:50051: connect: connection refused\""
time=2024-07-17T15:09:17.764+05:00 level=INFO msg="AddItem method is starting"
time=2024-07-17T15:09:17.768+05:00 level=ERROR msg="failed to add item" error="rpc error: code = Unavailable desc = connection error: desc = \"transport: Error while dialing: dial tcp 127.0.0.1:50051: connect: connection refused\""
time=2024-07-17T15:10:01.236+05:00 level=INFO msg="AddItem method is starting"
time=2024-07-17T15:10:01.246+05:00 level=ERROR msg="failed to add item" error="rpc error: code = Unavailable desc = connection error: desc = \"transport: Error while dialing: dial tcp 127.0.0.1:50051: connect: connection refused\""
time=2024-07-17T15:14:43.175+05:00 level=INFO msg="AddItem method is starting"
time=2024-07-17T15:21:16.301+05:00 level=INFO msg="AddItem method is starting"
time=2024-07-17T15:21:16.314+05:00 level=ERROR msg="failed to add item" error="rpc error: code = Unimplemented desc = method ValidateUserId not implemented"
time=2024-07-17T15:28:20.014+05:00 level=INFO msg="AddItem method is starting"
time=2024-07-17T15:28:20.025+05:00 level=ERROR msg="failed to add item" error="rpc error: code = Unimplemented desc = method ValidateUserId not implemented"
time=2024-07-17T15:29:00.193+05:00 level=INFO msg="AddItem method is starting"
time=2024-07-17T15:29:00.197+05:00 level=ERROR msg="failed to add item" error="rpc error: code = Unimplemented desc = method ValidateUserId not implemented"
time=2024-07-17T16:32:18.352+05:00 level=INFO msg="ListItems method is starting"
time=2024-07-17T16:32:18.381+05:00 level=ERROR msg="failed to list items" error="rpc error: code = Unknown desc = sql: Scan error on column index 0, name \"count\": destination not a pointer"
time=2024-07-17T16:36:56.456+05:00 level=INFO msg="ListItems method is starting"
time=2024-07-17T16:36:56.473+05:00 level=ERROR msg="failed to list items" error="rpc error: code = Unknown desc = pq: OFFSET must not be negative"
time=2024-07-17T16:36:59.765+05:00 level=INFO msg="ListItems method is starting"
time=2024-07-17T16:36:59.768+05:00 level=ERROR msg="failed to list items" error="rpc error: code = Unknown desc = pq: OFFSET must not be negative"
time=2024-07-17T16:37:25.966+05:00 level=INFO msg="ListItems method is starting"
time=2024-07-17T16:40:35.044+05:00 level=INFO msg="SearchItems method is starting"
time=2024-07-17T16:40:35.073+05:00 level=ERROR msg="failed to search items" error="rpc error: code = Unknown desc = sql: Scan error on column index 0, name \"count\": destination not a pointer"
time=2024-07-17T16:42:24.872+05:00 level=INFO msg="SearchItems method is starting"
time=2024-07-17T16:43:30.593+05:00 level=INFO msg="GetItem method is starting"
time=2024-07-17T16:45:38.902+05:00 level=INFO msg="UpdateItem method is starting"
time=2024-07-17T16:46:18.996+05:00 level=INFO msg="DeleteItem method is starting"
time=2024-07-17T16:46:19.019+05:00 level=ERROR msg="failed to delete item" error="rpc error: code = Unknown desc = pq: column \"delete_at\" does not exist"
time=2024-07-17T16:48:09.413+05:00 level=INFO msg="DeleteItem method is starting"
time=2024-07-17T16:48:09.440+05:00 level=ERROR msg="failed to delete item" error="rpc error: code = Unknown desc = pq: column \"delete_at\" does not exist"
time=2024-07-17T16:48:53.409+05:00 level=INFO msg="DeleteItem method is starting"
time=2024-07-17T16:48:53.424+05:00 level=ERROR msg="failed to delete item" error="rpc error: code = Unknown desc = pq: column \"delete_at\" does not exist"
time=2024-07-17T16:50:13.543+05:00 level=INFO msg="DeleteItem method is starting"
time=2024-07-17T17:00:39.914+05:00 level=INFO msg="SendSwapRequest method is starting"
time=2024-07-17T17:00:39.961+05:00 level=ERROR msg="failed to send swap request" error="rpc error: code = Unknown desc = sql: Scan error on column index 6, name \"reason\": converting NULL to string is unsupported"
time=2024-07-17T17:06:38.009+05:00 level=INFO msg="SendSwapRequest method is starting"
time=2024-07-17T17:06:38.081+05:00 level=ERROR msg="failed to send swap request" error="rpc error: code = Unknown desc = pq: INSERT has more target columns than expressions"
time=2024-07-17T17:07:32.796+05:00 level=INFO msg="SendSwapRequest method is starting"
time=2024-07-17T17:14:54.197+05:00 level=INFO msg="AcceptSwapRequest method is starting"
time=2024-07-17T17:14:54.243+05:00 level=ERROR msg="failed to accept swap request" error="rpc error: code = Unknown desc = pq: column \"requester_id\" does not exist"
time=2024-07-17T17:15:41.695+05:00 level=INFO msg="AcceptSwapRequest method is starting"
time=2024-07-17T17:15:41.722+05:00 level=ERROR msg="failed to accept swap request" error="rpc error: code = Unknown desc = pq: invalid input syntax for type uuid: \"\""
time=2024-07-17T17:17:36.818+05:00 level=INFO msg="AcceptSwapRequest method is starting"
time=2024-07-17T17:17:36.879+05:00 level=ERROR msg="failed to accept swap request" error="rpc error: code = Unknown desc = pq: invalid input syntax for type uuid: \"\""
time=2024-07-17T17:18:32.237+05:00 level=INFO msg="AcceptSwapRequest method is starting"
time=2024-07-17T17:18:32.275+05:00 level=ERROR msg="failed to accept swap request" error="rpc error: code = Unknown desc = pq: invalid input syntax for type uuid: \"\""
time=2024-07-17T17:20:54.310+05:00 level=INFO msg="AcceptSwapRequest method is starting"
time=2024-07-17T17:20:54.329+05:00 level=ERROR msg="failed to accept swap request" error="rpc error: code = Unknown desc = pq: invalid input syntax for type uuid: \"\""
time=2024-07-17T17:24:52.000+05:00 level=INFO msg="AcceptSwapRequest method is starting"
time=2024-07-17T17:24:52.029+05:00 level=ERROR msg="failed to accept swap request" error="rpc error: code = Unknown desc = SwapId is empty"
time=2024-07-17T18:41:53.796+05:00 level=INFO msg="AcceptSwapRequest method is starting"
time=2024-07-17T18:41:53.822+05:00 level=ERROR msg="failed to accept swap request" error="rpc error: code = Unknown desc = SwapId is empty"
time=2024-07-17T18:42:57.091+05:00 level=INFO msg="AcceptSwapRequest method is starting"
time=2024-07-17T18:42:57.153+05:00 level=ERROR msg="failed to accept swap request" error="rpc error: code = Unknown desc = SwapId is empty"
time=2024-07-17T18:52:17.135+05:00 level=INFO msg="AcceptSwapRequest method is starting"
time=2024-07-17T18:52:17.137+05:00 level=ERROR msg="failed to bind swap request data" error=EOF
time=2024-07-17T18:54:43.947+05:00 level=INFO msg="AcceptSwapRequest method is starting"
time=2024-07-17T18:58:53.473+05:00 level=INFO msg="RejectSwapRequest method is starting"
time=2024-07-17T18:58:53.512+05:00 level=ERROR msg="failed to reject swap request" error="rpc error: code = Unknown desc = pq: column \"requester_id\" does not exist"
time=2024-07-17T19:04:14.867+05:00 level=INFO msg="RejectSwapRequest method is starting"
time=2024-07-17T19:25:15.347+05:00 level=INFO msg="CreateEcoChallenge method is starting"
time=2024-07-17T19:25:15.356+05:00 level=ERROR msg="failed to create eco challenge" error="rpc error: code = Unavailable desc = connection error: desc = \"transport: Error while dialing: dial tcp 127.0.0.1:50052: connect: connection refused\""
time=2024-07-17T19:25:45.857+05:00 level=INFO msg="CreateEcoChallenge method is starting"
time=2024-07-17T19:25:45.859+05:00 level=ERROR msg="failed to create eco challenge" error="rpc error: code = Unimplemented desc = method CreateEcoChallenge not implemented"
time=2024-07-17T19:28:15.354+05:00 level=INFO msg="CreateEcoChallenge method is starting"
time=2024-07-17T19:28:15.364+05:00 level=ERROR msg="failed to create eco challenge" error="rpc error: code = Unimplemented desc = method CreateEcoChallenge not implemented"
time=2024-07-17T19:34:23.871+05:00 level=INFO msg="CreateEcoChallenge method is starting"
time=2024-07-17T19:34:23.881+05:00 level=ERROR msg="failed to create eco challenge" error="rpc error: code = Unimplemented desc = method CreateEcoChallenge not implemented"
time=2024-07-17T19:36:51.202+05:00 level=INFO msg="CreateEcoChallenge method is starting"
time=2024-07-17T19:36:51.218+05:00 level=ERROR msg="failed to create eco challenge" error="rpc error: code = Unimplemented desc = method CreateEcoChallenge not implemented"
time=2024-07-17T19:41:14.116+05:00 level=INFO msg="CreateEcoChallenge method is starting"
time=2024-07-17T19:41:14.128+05:00 level=ERROR msg="failed to create eco challenge" error="rpc error: code = Unimplemented desc = method CreateEcoChallenge not implemented"
time=2024-07-17T19:41:43.333+05:00 level=INFO msg="CreateEcoChallenge method is starting"
time=2024-07-17T19:41:43.348+05:00 level=ERROR msg="failed to create eco challenge" error="rpc error: code = Unimplemented desc = method CreateEcoChallenge not implemented"
time=2024-07-17T19:47:17.491+05:00 level=INFO msg="CreateEcoChallenge method is starting"
time=2024-07-17T19:47:17.505+05:00 level=ERROR msg="failed to create eco challenge" error="rpc error: code = Unimplemented desc = method CreateEcoChallenge not implemented"
time=2024-07-17T19:51:53.535+05:00 level=INFO msg="CreateEcoChallenge method is starting"
time=2024-07-17T19:51:53.560+05:00 level=ERROR msg="failed to create eco challenge" error="rpc error: code = Unavailable desc = error reading from server: EOF"
time=2024-07-17T19:55:47.074+05:00 level=INFO msg="CreateEcoChallenge method is starting"
time=2024-07-17T19:55:47.079+05:00 level=ERROR msg="failed to create eco challenge" error="rpc error: code = Unavailable desc = connection error: desc = \"transport: Error while dialing: dial tcp 127.0.0.1:50052: connect: connection refused\""
time=2024-07-17T20:00:13.554+05:00 level=INFO msg="CreateEcoChallenge method is starting"
time=2024-07-17T20:00:13.564+05:00 level=ERROR msg="failed to create eco challenge" error="rpc error: code = Unavailable desc = connection error: desc = \"transport: Error while dialing: dial tcp 127.0.0.1:50052: connect: connection refused\""
time=2024-07-17T20:05:19.784+05:00 level=INFO msg="AddRating method is starting"
time=2024-07-17T20:05:19.820+05:00 level=ERROR msg="failed to add rating" error="rpc error: code = Unknown desc = pq: invalid input syntax for type uuid: \"string\""
time=2024-07-17T20:07:43.427+05:00 level=INFO msg="AddRating method is starting"
time=2024-07-17T20:17:31.062+05:00 level=INFO msg="AddRating method is starting"
time=2024-07-17T20:17:31.093+05:00 level=ERROR msg="failed to add rating" error="rpc error: code = Unknown desc = pq: invalid input syntax for type uuid: \"\""
time=2024-07-17T20:20:24.738+05:00 level=INFO msg="GetRatings method is starting"
time=2024-07-17T20:20:24.768+05:00 level=ERROR msg="failed to get ratings" error="rpc error: code = Unknown desc = sql: Scan error on column index 1, name \"avg\": converting NULL to float32 is unsupported"
time=2024-07-17T20:23:40.429+05:00 level=INFO msg="GetRatings method is starting"
time=2024-07-17T20:34:07.531+05:00 level=INFO msg="GetUsers method is starting"
time=2024-07-17T20:34:07.559+05:00 level=ERROR msg="failed to get users" error="rpc error: code = Unimplemented desc = method GetUsers not implemented"
time=2024-07-17T20:46:58.350+05:00 level=INFO msg="GetUsers method is starting"
time=2024-07-17T20:46:58.373+05:00 level=ERROR msg="failed to get users" error="rpc error: code = Unimplemented desc = method GetUsers not implemented"
time=2024-07-17T21:05:44.145+05:00 level=INFO msg="GetUsers method is starting"
time=2024-07-17T21:05:44.171+05:00 level=ERROR msg="failed to get users" error="rpc error: code = Unimplemented desc = method GetUsers not implemented"
time=2024-07-17T21:08:52.992+05:00 level=INFO msg="GetUsers method is starting"
time=2024-07-17T21:08:53.010+05:00 level=ERROR msg="failed to get users" error="rpc error: code = Unimplemented desc = method GetUsers not implemented"
time=2024-07-17T21:10:22.467+05:00 level=INFO msg="GetUser method is starting"
time=2024-07-17T21:10:50.902+05:00 level=INFO msg="UpdateUserProfile method is starting"
time=2024-07-17T21:11:38.280+05:00 level=INFO msg="DeleteUser method is starting"
time=2024-07-17T21:11:58.771+05:00 level=INFO msg="GetEcoPoints method is starting"
time=2024-07-17T21:11:58.776+05:00 level=ERROR msg="failed to get eco points" error="rpc error: code = Unknown desc = get eco points failed: sql: no rows in result set"
time=2024-07-17T21:14:48.898+05:00 level=INFO msg="GetEcoPoints method is starting"
time=2024-07-17T21:15:19.708+05:00 level=INFO msg="AddEcoPoints method is starting"
time=2024-07-17T21:18:04.758+05:00 level=INFO msg="GetEcoPointsHistory method is starting"
time=2024-07-17T21:18:04.793+05:00 level=ERROR msg="failed to get eco points history" error="rpc error: code = Unknown desc = get eco points history failed: pq: syntax error at or near \"LIMIT\""
time=2024-07-17T21:21:15.286+05:00 level=INFO msg="GetEcoPointsHistory method is starting"
time=2024-07-17T21:21:15.312+05:00 level=ERROR msg="failed to get eco points history" error="rpc error: code = Unknown desc = get eco points history failed: pq: relation \"eco_points_history\" does not exist"
time=2024-07-17T21:23:50.428+05:00 level=INFO msg="GetEcoPointsHistory method is starting"
time=2024-07-17T21:23:50.461+05:00 level=ERROR msg="failed to get eco points history" error="rpc error: code = Unknown desc = get eco points history failed: sql: Scan error on column index 2, name \"reason\": converting NULL to string is unsupported"
time=2024-07-17T21:24:54.892+05:00 level=INFO msg="GetEcoPointsHistory method is starting"
time=2024-07-17T21:24:54.936+05:00 level=ERROR msg="failed to get eco points history" error="rpc error: code = Unknown desc = get eco points history failed: pq: relation \"eco_points_history\" does not exist"
time=2024-07-17T21:25:46.838+05:00 level=INFO msg="GetEcoPointsHistory method is starting"
time=2024-07-17T21:43:10.455+05:00 level=INFO msg="GetUsers method is starting"
time=2024-07-17T21:43:10.483+05:00 level=ERROR msg="failed to get users" error="rpc error: code = Unimplemented desc = method GetUsers not implemented"
time=2024-07-17T21:45:09.597+05:00 level=INFO msg="GetUsers method is starting"
time=2024-07-17T21:45:09.633+05:00 level=ERROR msg="failed to get users" error="rpc error: code = Unimplemented desc = method GetUsers not implemented"
time=2024-07-17T21:45:20.345+05:00 level=INFO msg="GetUsers method is starting"
time=2024-07-17T21:45:20.365+05:00 level=ERROR msg="failed to get users" error="rpc error: code = Unimplemented desc = method GetUsers not implemented"
time=2024-07-17T21:45:24.535+05:00 level=INFO msg="GetUsers method is starting"
time=2024-07-17T21:45:24.540+05:00 level=ERROR msg="failed to get users" error="rpc error: code = Unimplemented desc = method GetUsers not implemented"
time=2024-07-17T21:54:50.239+05:00 level=INFO msg="GetUsers method is starting"
time=2024-07-17T21:54:50.245+05:00 level=ERROR msg="failed to get users" error="rpc error: code = Unknown desc = pq: syntax error at or near \"LIMIT\""
time=2024-07-17T21:58:52.212+05:00 level=INFO msg="GetUsers method is starting"
time=2024-07-17T22:09:30.142+05:00 level=INFO msg="GetRatings method is starting"
